
****** PlanAhead v14.7 (64-bit)
  **** Build 321239 by xbuild on Fri Sep 27 19:29:51 MDT 2013
    ** Copyright 1986-1999, 2001-2013 Xilinx, Inc. All Rights Reserved.

INFO: [Common 17-78] Attempting to get a license: PlanAhead
INFO: [Common 17-290] Got license for PlanAhead
INFO: [Device 21-36] Loading parts and site information from C:/Xilinx/14.7/ISE_DS/PlanAhead/data/parts/arch.xml
Parsing RTL primitives file [C:/Xilinx/14.7/ISE_DS/PlanAhead/data/parts/xilinx/rtl/prims/rtl_prims.xml]
Finished parsing RTL primitives file [C:/Xilinx/14.7/ISE_DS/PlanAhead/data/parts/xilinx/rtl/prims/rtl_prims.xml]
start_gui
source H:/BI-SAP/Red/pa.fromHdl.tcl
# create_project -name Red -dir "H:/BI-SAP/Red/planAhead_run_4" -part xc3s100ecp132-4
# set_param project.pinAheadLayout yes
# set srcset [get_property srcset [current_run -impl]]
# set_property target_constrs_file "Clck.ucf" [current_fileset -constrset]
Adding file 'H:/BI-SAP/Red/Clck.ucf' to fileset 'constrs_1'
# set hdlfile [add_files [list {onebitadder.vhf}]]
# set_property file_type VHDL $hdlfile
# set_property library work $hdlfile
# set hdlfile [add_files [list {Mymux.vhf}]]
# set_property file_type VHDL $hdlfile
# set_property library work $hdlfile
# set hdlfile [add_files [list {decoder_7seg.vhd}]]
# set_property file_type VHDL $hdlfile
# set_property library work $hdlfile
# set hdlfile [add_files [list {fourbitadder.vhf}]]
# set_property file_type VHDL $hdlfile
# set_property library work $hdlfile
# set hdlfile [add_files [list {Clck.vhf}]]
# set_property file_type VHDL $hdlfile
# set_property library work $hdlfile
# set_property top Clck $srcset
# add_files [list {Clck.ucf}] -fileset [get_property constrset [current_run]]
# open_rtl_design -part xc3s100ecp132-4
Using Verific elaboration
Parsing VHDL file "C:/Xilinx/14.7/ISE_DS/PlanAhead/data/parts/xilinx/rtl/lib/synplify/synattr.vhd" into library synplify
Parsing VHDL file "C:/Xilinx/14.7/ISE_DS/PlanAhead/data/parts/xilinx/rtl/lib/synplify/synattr.vhd" into library synplify
Parsing VHDL file "H:/BI-SAP/Red/fourbitadder.vhf" into library work
Parsing VHDL file "H:/BI-SAP/Red/decoder_7seg.vhd" into library work
Parsing VHDL file "H:/BI-SAP/Red/Clck.vhf" into library work
INFO: [Designutils 20-910] Reading macro library C:/Xilinx/14.7/ISE_DS/PlanAhead/data\./parts/xilinx/spartan3e/spartan3e/hd_int_macros.edn
Parsing EDIF File [C:/Xilinx/14.7/ISE_DS/PlanAhead/data\./parts/xilinx/spartan3e/spartan3e/hd_int_macros.edn]
Finished Parsing EDIF File [C:/Xilinx/14.7/ISE_DS/PlanAhead/data\./parts/xilinx/spartan3e/spartan3e/hd_int_macros.edn]
Loading clock regions from C:/Xilinx/14.7/ISE_DS/PlanAhead/data\parts/xilinx/spartan3e/spartan3e/xc3s100e/ClockRegion.xml
Loading clock buffers from C:/Xilinx/14.7/ISE_DS/PlanAhead/data\parts/xilinx/spartan3e/spartan3e/xc3s100e/ClockBuffers.xml
Loading package from C:/Xilinx/14.7/ISE_DS/PlanAhead/data\parts/xilinx/spartan3e/spartan3e/xc3s100e/cp132/Package.xml
Loading io standards from C:/Xilinx/14.7/ISE_DS/PlanAhead/data\./parts/xilinx/spartan3e/IOStandards.xml
INFO: [Device 21-19] Loading pkg sso from C:/Xilinx/14.7/ISE_DS/PlanAhead/data\parts/xilinx/spartan3e/spartan3e/xc3s100e/cp132/SSORules.xml
Loading list of drcs for the architecture : C:/Xilinx/14.7/ISE_DS/PlanAhead/data\./parts/xilinx/spartan3e/spartan3e/drc.xml
INFO: [Timing 38-77] Reading timing library C:/Xilinx/14.7/ISE_DS/PlanAhead/data\parts/xilinx/spartan3e/spartan3e/spartan3e-4.lib.
INFO: [Timing 38-34] Done reading timing library C:/Xilinx/14.7/ISE_DS/PlanAhead/data\parts/xilinx/spartan3e/spartan3e/spartan3e-4.lib.
Parsing UCF File [H:/BI-SAP/Red/Clck.ucf]
Finished Parsing UCF File [H:/BI-SAP/Red/Clck.ucf]
INFO: [Project 1-111] Unisim Transformation Summary:
No Unisim elements were transformed.

Phase 0 | Netlist Checksum: 01f63a00
update_compile_order -fileset sim_1
startgroup
set_property package_pin K14 [get_ports AN0]
endgroup
startgroup
set_property package_pin M13 [get_ports AN1]
endgroup
startgroup
set_property package_pin P11 [get_ports A0]
endgroup
startgroup
set_property package_pin L3 [get_ports A1]
endgroup
startgroup
set_property package_pin K3 [get_ports A2]
endgroup
startgroup
set_property package_pin B4 [get_ports A3]
endgroup
startgroup
set_property package_pin G3 [get_ports B0]
endgroup
startgroup
set_property package_pin F3 [get_ports B1]
endgroup
startgroup
set_property package_pin E2 [get_ports B2]
endgroup
startgroup
set_property package_pin N3 [get_ports B3]
endgroup
startgroup
set_property package_pin L14 [get_ports CA]
endgroup
set_property package_pin "" [get_ports [list  CC]]
startgroup
set_property package_pin H12 [get_ports CB]
endgroup
startgroup
set_property package_pin N14 [get_ports CC]
endgroup
startgroup
set_property package_pin N11 [get_ports CD]
endgroup
startgroup
set_property package_pin P12 [get_ports CE]
endgroup
startgroup
set_property package_pin L13 [get_ports CF]
endgroup
startgroup
set_property package_pin M12 [get_ports CG]
endgroup
startgroup
set_property package_pin N13 [get_ports CIN]
endgroup
startgroup
set_property package_pin A7 [get_ports CIN]
endgroup
startgroup
set_property package_pin M4 [get_ports CLK]
endgroup
startgroup
set_property package_pin N13 [get_ports DP]
endgroup
set_property package_pin "" [get_ports [list  CLR]]
startgroup
set_property package_pin M4 [get_ports CLK]
endgroup
set_property package_pin "" [get_ports [list  CLK]]
startgroup
set_property package_pin M4 [get_ports CLR]
endgroup
startgroup
set_property package_pin B8 [get_ports CLK]
endgroup
save_constraints
set_property package_pin "" [get_ports [list  AN1]]
set_property package_pin "" [get_ports [list  AN1]]
set_property package_pin "" [get_ports [list  AN0]]
startgroup
set_property package_pin K14 [get_ports AN1]
endgroup
startgroup
set_property package_pin M13 [get_ports AN0]
endgroup
save_constraints
exit
ERROR: [Common 17-39] 'stop_gui' failed due to earlier errors.
INFO: [Common 17-206] Exiting PlanAhead at Fri Mar 06 11:39:00 2015...
INFO: [Common 17-83] Releasing license: PlanAhead
