
****** PlanAhead v14.7 (64-bit)
  **** Build 321239 by xbuild on Fri Sep 27 19:29:51 MDT 2013
    ** Copyright 1986-1999, 2001-2013 Xilinx, Inc. All Rights Reserved.

INFO: [Common 17-78] Attempting to get a license: PlanAhead
INFO: [Common 17-290] Got license for PlanAhead
INFO: [Device 21-36] Loading parts and site information from C:/Xilinx/14.7/ISE_DS/PlanAhead/data/parts/arch.xml
Parsing RTL primitives file [C:/Xilinx/14.7/ISE_DS/PlanAhead/data/parts/xilinx/rtl/prims/rtl_prims.xml]
Finished parsing RTL primitives file [C:/Xilinx/14.7/ISE_DS/PlanAhead/data/parts/xilinx/rtl/prims/rtl_prims.xml]
start_gui
source H:/SAP/lab3.1/pa.fromHdl.tcl
# create_project -name lab3.1 -dir "H:/SAP/lab3.1/planAhead_run_1" -part xc3s100ecp132-4
# set_param project.pinAheadLayout yes
# set srcset [get_property srcset [current_run -impl]]
# set_property target_constrs_file "schema.ucf" [current_fileset -constrset]
Adding file 'H:/SAP/lab3.1/schema.ucf' to fileset 'constrs_1'
# set hdlfile [add_files [list {nasob.vhd}]]
# set_property file_type VHDL $hdlfile
# set_property library work $hdlfile
# set hdlfile [add_files [list {a.vhd}]]
# set_property file_type VHDL $hdlfile
# set_property library work $hdlfile
# set hdlfile [add_files [list {schema.vhf}]]
# set_property file_type VHDL $hdlfile
# set_property library work $hdlfile
# set_property top schema $srcset
# add_files [list {schema.ucf}] -fileset [get_property constrset [current_run]]
# open_rtl_design -part xc3s100ecp132-4
Using Verific elaboration
Parsing VHDL file "C:/Xilinx/14.7/ISE_DS/PlanAhead/data/parts/xilinx/rtl/lib/synplify/synattr.vhd" into library synplify
Parsing VHDL file "C:/Xilinx/14.7/ISE_DS/PlanAhead/data/parts/xilinx/rtl/lib/synplify/synattr.vhd" into library synplify
Parsing VHDL file "H:/SAP/lab3.1/nasob.vhd" into library work
Parsing VHDL file "H:/SAP/lab3.1/a.vhd" into library work
Parsing VHDL file "H:/SAP/lab3.1/schema.vhf" into library work
INFO: [Designutils 20-910] Reading macro library C:/Xilinx/14.7/ISE_DS/PlanAhead/data\./parts/xilinx/spartan3e/spartan3e/hd_int_macros.edn
Parsing EDIF File [C:/Xilinx/14.7/ISE_DS/PlanAhead/data\./parts/xilinx/spartan3e/spartan3e/hd_int_macros.edn]
Finished Parsing EDIF File [C:/Xilinx/14.7/ISE_DS/PlanAhead/data\./parts/xilinx/spartan3e/spartan3e/hd_int_macros.edn]
Loading clock regions from C:/Xilinx/14.7/ISE_DS/PlanAhead/data\parts/xilinx/spartan3e/spartan3e/xc3s100e/ClockRegion.xml
Loading clock buffers from C:/Xilinx/14.7/ISE_DS/PlanAhead/data\parts/xilinx/spartan3e/spartan3e/xc3s100e/ClockBuffers.xml
Loading package from C:/Xilinx/14.7/ISE_DS/PlanAhead/data\parts/xilinx/spartan3e/spartan3e/xc3s100e/cp132/Package.xml
Loading io standards from C:/Xilinx/14.7/ISE_DS/PlanAhead/data\./parts/xilinx/spartan3e/IOStandards.xml
INFO: [Device 21-19] Loading pkg sso from C:/Xilinx/14.7/ISE_DS/PlanAhead/data\parts/xilinx/spartan3e/spartan3e/xc3s100e/cp132/SSORules.xml
Loading list of drcs for the architecture : C:/Xilinx/14.7/ISE_DS/PlanAhead/data\./parts/xilinx/spartan3e/spartan3e/drc.xml
INFO: [Timing 38-77] Reading timing library C:/Xilinx/14.7/ISE_DS/PlanAhead/data\parts/xilinx/spartan3e/spartan3e/spartan3e-4.lib.
INFO: [Timing 38-34] Done reading timing library C:/Xilinx/14.7/ISE_DS/PlanAhead/data\parts/xilinx/spartan3e/spartan3e/spartan3e-4.lib.
Parsing UCF File [H:/SAP/lab3.1/schema.ucf]
Finished Parsing UCF File [H:/SAP/lab3.1/schema.ucf]
INFO: [Project 1-111] Unisim Transformation Summary:
No Unisim elements were transformed.

Phase 0 | Netlist Checksum: f5670e4c
open_rtl_design: Time (s): elapsed = 00:00:11 . Memory (MB): peak = 518.723 ; gain = 99.184
update_compile_order -fileset sim_1
set_property package_pin "" [get_ports [list  c0]]
startgroup
set_property package_pin L14 [get_ports a0]
endgroup
startgroup
set_property package_pin F12 [get_ports an0]
endgroup
startgroup
set_property package_pin M13 [get_ports an1]
endgroup
startgroup
set_property package_pin J12 [get_ports an2]
endgroup
startgroup
set_property package_pin K14 [get_ports an3]
endgroup
startgroup
set_property package_pin H12 [get_ports b0]
endgroup
startgroup
set_property package_pin N14 [get_ports c0]
endgroup
startgroup
set_property package_pin N11 [get_ports d0]
endgroup
startgroup
set_property package_pin P12 [get_ports e0]
endgroup
startgroup
set_property package_pin L13 [get_ports f0]
endgroup
startgroup
set_property package_pin M12 [get_ports g0]
endgroup
startgroup
set_property package_pin P11 [get_ports m0_c0]
endgroup
startgroup
set_property package_pin K3 [get_ports m0_c1]
endgroup
startgroup
set_property package_pin L3 [get_ports m1_c0]
endgroup
startgroup
set_property package_pin B4 [get_ports m1_c1]
endgroup
save_constraints
exit
ERROR: [Common 17-39] 'stop_gui' failed due to earlier errors.
INFO: [Common 17-206] Exiting PlanAhead at Mon Mar 14 16:24:40 2016...
INFO: [Common 17-83] Releasing license: PlanAhead
