
****** PlanAhead v14.7 (64-bit)
  **** Build 321239 by xbuild on Fri Sep 27 19:29:51 MDT 2013
    ** Copyright 1986-1999, 2001-2013 Xilinx, Inc. All Rights Reserved.

INFO: [Common 17-78] Attempting to get a license: PlanAhead
INFO: [Common 17-290] Got license for PlanAhead
INFO: [Device 21-36] Loading parts and site information from C:/Xilinx/14.7/ISE_DS/PlanAhead/data/parts/arch.xml
Parsing RTL primitives file [C:/Xilinx/14.7/ISE_DS/PlanAhead/data/parts/xilinx/rtl/prims/rtl_prims.xml]
Finished parsing RTL primitives file [C:/Xilinx/14.7/ISE_DS/PlanAhead/data/parts/xilinx/rtl/prims/rtl_prims.xml]
start_gui
source H:/BI-SAP/Red/pa.fromHdl.tcl
# create_project -name Red -dir "H:/BI-SAP/Red/planAhead_run_3" -part xc3s100ecp132-4
# set_param project.pinAheadLayout yes
# set srcset [get_property srcset [current_run -impl]]
# set_property target_constrs_file "adderwithdisplay.ucf" [current_fileset -constrset]
Adding file 'H:/BI-SAP/Red/adderwithdisplay.ucf' to fileset 'constrs_1'
# set hdlfile [add_files [list {Multiplier2x2.vhf}]]
# set_property file_type VHDL $hdlfile
# set_property library work $hdlfile
# set hdlfile [add_files [list {decoder_7seg.vhd}]]
# set_property file_type VHDL $hdlfile
# set_property library work $hdlfile
# set hdlfile [add_files [list {Multi.vhf}]]
# set_property file_type VHDL $hdlfile
# set_property library work $hdlfile
# set_property top Multi $srcset
# add_files [list {adderwithdisplay.ucf}] -fileset [get_property constrset [current_run]]
# open_rtl_design -part xc3s100ecp132-4
Using Verific elaboration
Parsing VHDL file "C:/Xilinx/14.7/ISE_DS/PlanAhead/data/parts/xilinx/rtl/lib/synplify/synattr.vhd" into library synplify
Parsing VHDL file "C:/Xilinx/14.7/ISE_DS/PlanAhead/data/parts/xilinx/rtl/lib/synplify/synattr.vhd" into library synplify
Parsing VHDL file "H:/BI-SAP/Red/decoder_7seg.vhd" into library work
Parsing VHDL file "H:/BI-SAP/Red/Multi.vhf" into library work
INFO: [Designutils 20-910] Reading macro library C:/Xilinx/14.7/ISE_DS/PlanAhead/data\./parts/xilinx/spartan3e/spartan3e/hd_int_macros.edn
Parsing EDIF File [C:/Xilinx/14.7/ISE_DS/PlanAhead/data\./parts/xilinx/spartan3e/spartan3e/hd_int_macros.edn]
Finished Parsing EDIF File [C:/Xilinx/14.7/ISE_DS/PlanAhead/data\./parts/xilinx/spartan3e/spartan3e/hd_int_macros.edn]
Loading clock regions from C:/Xilinx/14.7/ISE_DS/PlanAhead/data\parts/xilinx/spartan3e/spartan3e/xc3s100e/ClockRegion.xml
Loading clock buffers from C:/Xilinx/14.7/ISE_DS/PlanAhead/data\parts/xilinx/spartan3e/spartan3e/xc3s100e/ClockBuffers.xml
Loading package from C:/Xilinx/14.7/ISE_DS/PlanAhead/data\parts/xilinx/spartan3e/spartan3e/xc3s100e/cp132/Package.xml
Loading io standards from C:/Xilinx/14.7/ISE_DS/PlanAhead/data\./parts/xilinx/spartan3e/IOStandards.xml
INFO: [Device 21-19] Loading pkg sso from C:/Xilinx/14.7/ISE_DS/PlanAhead/data\parts/xilinx/spartan3e/spartan3e/xc3s100e/cp132/SSORules.xml
Loading list of drcs for the architecture : C:/Xilinx/14.7/ISE_DS/PlanAhead/data\./parts/xilinx/spartan3e/spartan3e/drc.xml
INFO: [Timing 38-77] Reading timing library C:/Xilinx/14.7/ISE_DS/PlanAhead/data\parts/xilinx/spartan3e/spartan3e/spartan3e-4.lib.
INFO: [Timing 38-34] Done reading timing library C:/Xilinx/14.7/ISE_DS/PlanAhead/data\parts/xilinx/spartan3e/spartan3e/spartan3e-4.lib.
Parsing UCF File [H:/BI-SAP/Red/adderwithdisplay.ucf]
CRITICAL WARNING: [Constraints 18-11] Could not find net or pin 'A2' [H:/BI-SAP/Red/adderwithdisplay.ucf:6]
CRITICAL WARNING: [Constraints 18-11] Could not find net or pin 'A3' [H:/BI-SAP/Red/adderwithdisplay.ucf:7]
CRITICAL WARNING: [Constraints 18-11] Could not find net or pin 'B2' [H:/BI-SAP/Red/adderwithdisplay.ucf:10]
CRITICAL WARNING: [Constraints 18-11] Could not find net or pin 'B3' [H:/BI-SAP/Red/adderwithdisplay.ucf:11]
CRITICAL WARNING: [Constraints 18-11] Could not find net or pin 'CIN' [H:/BI-SAP/Red/adderwithdisplay.ucf:12]
CRITICAL WARNING: [Constraints 18-11] Could not find net or pin 'COUT' [H:/BI-SAP/Red/adderwithdisplay.ucf:13]
Finished Parsing UCF File [H:/BI-SAP/Red/adderwithdisplay.ucf]
INFO: [Designutils 20-20] Invalid constraints found, use command 'write_ucf -constraints invalid <file>' to save all the invalid constraints to a file
INFO: [Project 1-111] Unisim Transformation Summary:
No Unisim elements were transformed.

Phase 0 | Netlist Checksum: d0c65863
update_compile_order -fileset sim_1
exit
ERROR: [Common 17-39] 'stop_gui' failed due to earlier errors.
INFO: [Common 17-206] Exiting PlanAhead at Fri Mar 06 10:10:37 2015...
INFO: [Common 17-83] Releasing license: PlanAhead
