Command line:
   decoder_7seg_isim_beh.exe
     -simmode  gui
     -simrunnum  0
     -socket  52364

Wed Mar 04 23:08:27 2015


 Elaboration Time: 0.140625 sec

 Current Memory Usage: 1011.11 Meg

 Total Signals          : 13
 Total Nets             : 16
 Total Signal Drivers   : 12
 Total Blocks           : 4
 Total Primitive Blocks : 4
 Total Processes        : 12
 Total Traceable Variables  : 10
 Total Scalar Nets and Variables : 394
Total Line Count : 20

 Total Simulation Time: 0.203125 sec

 Current Memory Usage: 1011.08 Meg

Wed Mar 04 23:09:08 2015

