Release 14.7 - xst P.20131013 (nt64)
Copyright (c) 1995-2013 Xilinx, Inc.  All rights reserved.
--> Parameter TMPDIR set to xst/projnav.tmp


Total REAL time to Xst completion: 0.00 secs
Total CPU time to Xst completion: 0.11 secs
 
--> Parameter xsthdpdir set to xst


Total REAL time to Xst completion: 0.00 secs
Total CPU time to Xst completion: 0.12 secs
 
--> Reading design: adderwithdisplay.prj

TABLE OF CONTENTS
  1) Synthesis Options Summary
  2) HDL Compilation
  3) Design Hierarchy Analysis
  4) HDL Analysis
  5) HDL Synthesis
     5.1) HDL Synthesis Report
  6) Advanced HDL Synthesis
     6.1) Advanced HDL Synthesis Report
  7) Low Level Synthesis
  8) Partition Report
  9) Final Report
	9.1) Device utilization summary
	9.2) Partition Resource Summary
	9.3) TIMING REPORT


=========================================================================
*                      Synthesis Options Summary                        *
=========================================================================
---- Source Parameters
Input File Name                    : "adderwithdisplay.prj"
Input Format                       : mixed
Ignore Synthesis Constraint File   : NO

---- Target Parameters
Output File Name                   : "adderwithdisplay"
Output Format                      : NGC
Target Device                      : xc3s100e-4-cp132

---- Source Options
Top Module Name                    : adderwithdisplay
Automatic FSM Extraction           : YES
FSM Encoding Algorithm             : Auto
Safe Implementation                : No
FSM Style                          : LUT
RAM Extraction                     : Yes
RAM Style                          : Auto
ROM Extraction                     : Yes
Mux Style                          : Auto
Decoder Extraction                 : YES
Priority Encoder Extraction        : Yes
Shift Register Extraction          : YES
Logical Shifter Extraction         : YES
XOR Collapsing                     : YES
ROM Style                          : Auto
Mux Extraction                     : Yes
Resource Sharing                   : YES
Asynchronous To Synchronous        : NO
Multiplier Style                   : Auto
Automatic Register Balancing       : No

---- Target Options
Add IO Buffers                     : YES
Global Maximum Fanout              : 100000
Add Generic Clock Buffer(BUFG)     : 24
Register Duplication               : YES
Slice Packing                      : YES
Optimize Instantiated Primitives   : NO
Use Clock Enable                   : Yes
Use Synchronous Set                : Yes
Use Synchronous Reset              : Yes
Pack IO Registers into IOBs        : Auto
Equivalent register Removal        : YES

---- General Options
Optimization Goal                  : Speed
Optimization Effort                : 1
Keep Hierarchy                     : No
Netlist Hierarchy                  : As_Optimized
RTL Output                         : Yes
Global Optimization                : AllClockNets
Read Cores                         : YES
Write Timing Constraints           : NO
Cross Clock Analysis               : NO
Hierarchy Separator                : /
Bus Delimiter                      : <>
Case Specifier                     : Maintain
Slice Utilization Ratio            : 100
BRAM Utilization Ratio             : 100
Verilog 2001                       : YES
Auto BRAM Packing                  : NO
Slice Utilization Ratio Delta      : 5

=========================================================================


=========================================================================
*                          HDL Compilation                              *
=========================================================================
WARNING:HDLParsers:3607 - Unit work/adderwithdisplay is now defined in a different file.  It was defined in "C:/Users/GLEB/Desktop/XilinxProjects/Red/adderwithdisplay.vhf", and is now defined in "//ucebnyfile.ucebny.adfit.fit.cvut.cz/home/a/arkhigle/BI-SAP/Red/adderwithdisplay.vhf".
WARNING:HDLParsers:3607 - Unit work/adderwithdisplay/BEHAVIORAL is now defined in a different file.  It was defined in "C:/Users/GLEB/Desktop/XilinxProjects/Red/adderwithdisplay.vhf", and is now defined in "//ucebnyfile.ucebny.adfit.fit.cvut.cz/home/a/arkhigle/BI-SAP/Red/adderwithdisplay.vhf".
WARNING:HDLParsers:3607 - Unit work/onebitadder_MUSER_fourbitadder is now defined in a different file.  It was defined in "C:/Users/GLEB/Desktop/XilinxProjects/Red/fourbitadder.vhf", and is now defined in "//ucebnyfile.ucebny.adfit.fit.cvut.cz/home/a/arkhigle/BI-SAP/Red/fourbitadder.vhf".
WARNING:HDLParsers:3607 - Unit work/onebitadder_MUSER_fourbitadder/BEHAVIORAL is now defined in a different file.  It was defined in "C:/Users/GLEB/Desktop/XilinxProjects/Red/fourbitadder.vhf", and is now defined in "//ucebnyfile.ucebny.adfit.fit.cvut.cz/home/a/arkhigle/BI-SAP/Red/fourbitadder.vhf".
WARNING:HDLParsers:3607 - Unit work/fourbitadder is now defined in a different file.  It was defined in "C:/Users/GLEB/Desktop/XilinxProjects/Red/fourbitadder.vhf", and is now defined in "//ucebnyfile.ucebny.adfit.fit.cvut.cz/home/a/arkhigle/BI-SAP/Red/fourbitadder.vhf".
WARNING:HDLParsers:3607 - Unit work/fourbitadder/BEHAVIORAL is now defined in a different file.  It was defined in "C:/Users/GLEB/Desktop/XilinxProjects/Red/fourbitadder.vhf", and is now defined in "//ucebnyfile.ucebny.adfit.fit.cvut.cz/home/a/arkhigle/BI-SAP/Red/fourbitadder.vhf".
WARNING:HDLParsers:3607 - Unit work/decoder_7seg is now defined in a different file.  It was defined in "C:/Users/GLEB/Desktop/XilinxProjects/Red/decoder_7seg.vhd", and is now defined in "//ucebnyfile.ucebny.adfit.fit.cvut.cz/home/a/arkhigle/BI-SAP/Red/decoder_7seg.vhd".
WARNING:HDLParsers:3607 - Unit work/decoder_7seg/decoder_7seg_arch is now defined in a different file.  It was defined in "C:/Users/GLEB/Desktop/XilinxProjects/Red/decoder_7seg.vhd", and is now defined in "//ucebnyfile.ucebny.adfit.fit.cvut.cz/home/a/arkhigle/BI-SAP/Red/decoder_7seg.vhd".
WARNING:HDLParsers:3607 - Unit work/onebitadder is now defined in a different file.  It was defined in "C:/Users/GLEB/Desktop/XilinxProjects/Red/onebitadder.vhf", and is now defined in "//ucebnyfile.ucebny.adfit.fit.cvut.cz/home/a/arkhigle/BI-SAP/Red/onebitadder.vhf".
WARNING:HDLParsers:3607 - Unit work/onebitadder/BEHAVIORAL is now defined in a different file.  It was defined in "C:/Users/GLEB/Desktop/XilinxProjects/Red/onebitadder.vhf", and is now defined in "//ucebnyfile.ucebny.adfit.fit.cvut.cz/home/a/arkhigle/BI-SAP/Red/onebitadder.vhf".
Compiling vhdl file "//ucebnyfile.ucebny.adfit.fit.cvut.cz/home/a/arkhigle/BI-SAP/Red/fourbitadder.vhf" in Library work.
Architecture behavioral of Entity onebitadder_muser_fourbitadder is up to date.
Architecture behavioral of Entity fourbitadder is up to date.
Compiling vhdl file "//ucebnyfile.ucebny.adfit.fit.cvut.cz/home/a/arkhigle/BI-SAP/Red/decoder_7seg.vhd" in Library work.
Architecture decoder_7seg_arch of Entity decoder_7seg is up to date.
Compiling vhdl file "//ucebnyfile.ucebny.adfit.fit.cvut.cz/home/a/arkhigle/BI-SAP/Red/adderwithdisplay.vhf" in Library work.
Architecture behavioral of Entity adderwithdisplay is up to date.
Compiling vhdl file "//ucebnyfile.ucebny.adfit.fit.cvut.cz/home/a/arkhigle/BI-SAP/Red/onebitadder.vhf" in Library work.
Architecture behavioral of Entity onebitadder is up to date.

=========================================================================
*                     Design Hierarchy Analysis                         *
=========================================================================
Analyzing hierarchy for entity <adderwithdisplay> in library <work> (architecture <behavioral>).

Analyzing hierarchy for entity <fourbitadder> in library <work> (architecture <behavioral>).

Analyzing hierarchy for entity <decoder_7seg> in library <work> (architecture <decoder_7seg_arch>).

Analyzing hierarchy for entity <onebitadder_MUSER_fourbitadder> in library <work> (architecture <behavioral>).


=========================================================================
*                            HDL Analysis                               *
=========================================================================
Analyzing Entity <adderwithdisplay> in library <work> (Architecture <behavioral>).
Entity <adderwithdisplay> analyzed. Unit <adderwithdisplay> generated.

Analyzing Entity <fourbitadder> in library <work> (Architecture <behavioral>).
Entity <fourbitadder> analyzed. Unit <fourbitadder> generated.

Analyzing Entity <onebitadder_MUSER_fourbitadder> in library <work> (Architecture <behavioral>).
Entity <onebitadder_MUSER_fourbitadder> analyzed. Unit <onebitadder_MUSER_fourbitadder> generated.

Analyzing Entity <decoder_7seg> in library <work> (Architecture <decoder_7seg_arch>).
Entity <decoder_7seg> analyzed. Unit <decoder_7seg> generated.


=========================================================================
*                           HDL Synthesis                               *
=========================================================================

Performing bidirectional port resolution...

Synthesizing Unit <decoder_7seg>.
    Related source file is "//ucebnyfile.ucebny.adfit.fit.cvut.cz/home/a/arkhigle/BI-SAP/Red/decoder_7seg.vhd".
    Found 16x4-bit ROM for signal <input$rom0000>.
    Summary:
	inferred   1 ROM(s).
Unit <decoder_7seg> synthesized.


Synthesizing Unit <onebitadder_MUSER_fourbitadder>.
    Related source file is "//ucebnyfile.ucebny.adfit.fit.cvut.cz/home/a/arkhigle/BI-SAP/Red/fourbitadder.vhf".
Unit <onebitadder_MUSER_fourbitadder> synthesized.


Synthesizing Unit <fourbitadder>.
    Related source file is "//ucebnyfile.ucebny.adfit.fit.cvut.cz/home/a/arkhigle/BI-SAP/Red/fourbitadder.vhf".
Unit <fourbitadder> synthesized.


Synthesizing Unit <adderwithdisplay>.
    Related source file is "//ucebnyfile.ucebny.adfit.fit.cvut.cz/home/a/arkhigle/BI-SAP/Red/adderwithdisplay.vhf".
Unit <adderwithdisplay> synthesized.


=========================================================================
HDL Synthesis Report

Macro Statistics
# ROMs                                                 : 1
 16x4-bit ROM                                          : 1

=========================================================================

=========================================================================
*                       Advanced HDL Synthesis                          *
=========================================================================


=========================================================================
Advanced HDL Synthesis Report

Macro Statistics
# ROMs                                                 : 1
 16x4-bit ROM                                          : 1

=========================================================================

=========================================================================
*                         Low Level Synthesis                           *
=========================================================================

Optimizing unit <adderwithdisplay> ...

Mapping all equations...
Building and optimizing final netlist ...
Found area constraint ratio of 100 (+ 5) on block adderwithdisplay, actual ratio is 0.

Final Macro Processing ...

=========================================================================
Final Register Report

Found no macro
=========================================================================

=========================================================================
*                           Partition Report                            *
=========================================================================

Partition Implementation Status
-------------------------------

  No Partitions were found in this design.

-------------------------------

=========================================================================
*                            Final Report                               *
=========================================================================
Final Results
RTL Top Level Output File Name     : adderwithdisplay.ngr
Top Level Output File Name         : adderwithdisplay
Output Format                      : NGC
Optimization Goal                  : Speed
Keep Hierarchy                     : No

Design Statistics
# IOs                              : 18

Cell Usage :
# BELS                             : 28
#      AND2                        : 8
#      LUT4                        : 7
#      OR2                         : 4
#      VCC                         : 1
#      XOR2                        : 8
# IO Buffers                       : 18
#      IBUF                        : 9
#      OBUF                        : 9
=========================================================================

Device utilization summary:
---------------------------

Selected Device : 3s100ecp132-4 

 Number of Slices:                        4  out of    960     0%  
 Number of 4 input LUTs:                  7  out of   1920     0%  
 Number of IOs:                          18
 Number of bonded IOBs:                  18  out of     83    21%  

---------------------------
Partition Resource Summary:
---------------------------

  No Partitions were found in this design.

---------------------------


=========================================================================
TIMING REPORT

NOTE: THESE TIMING NUMBERS ARE ONLY A SYNTHESIS ESTIMATE.
      FOR ACCURATE TIMING INFORMATION PLEASE REFER TO THE TRACE REPORT
      GENERATED AFTER PLACE-and-ROUTE.

Clock Information:
------------------
No clock signals found in this design

Asynchronous Control Signals Information:
----------------------------------------
No asynchronous control signals found in this design

Timing Summary:
---------------
Speed Grade: -4

   Minimum period: No path found
   Minimum input arrival time before clock: No path found
   Maximum output required time after clock: No path found
   Maximum combinational path delay: 15.624ns

Timing Detail:
--------------
All values displayed in nanoseconds (ns)

=========================================================================
Timing constraint: Default path analysis
  Total number of paths / destination ports: 269 / 8
-------------------------------------------------------------------------
Delay:               15.624ns (Levels of Logic = 11)
  Source:            B0 (PAD)
  Destination:       CF (PAD)

  Data Path: B0 to CF
                                Gate     Net
    Cell:in->out      fanout   Delay   Delay  Logical Name (Net Name)
    ----------------------------------------  ------------
     IBUF:I->O             2   1.218   0.447  B0_IBUF (B0_IBUF)
     XOR2:I0->O            2   0.704   0.447  XLXI_2/XLXI_8/XLXI_6 (XLXI_2/XLXI_8/XLXN_8)
     AND2:I1->O            1   0.704   0.420  XLXI_2/XLXI_8/XLXI_3 (XLXI_2/XLXI_8/XLXN_9)
     OR2:I1->O             2   0.704   0.447  XLXI_2/XLXI_8/XLXI_5 (XLXI_2/XLXN_34)
     AND2:I0->O            1   0.704   0.420  XLXI_2/XLXI_7/XLXI_3 (XLXI_2/XLXI_7/XLXN_9)
     OR2:I1->O             2   0.704   0.447  XLXI_2/XLXI_7/XLXI_5 (XLXI_2/XLXN_33)
     AND2:I0->O            1   0.704   0.420  XLXI_2/XLXI_6/XLXI_3 (XLXI_2/XLXI_6/XLXN_9)
     OR2:I1->O             2   0.704   0.447  XLXI_2/XLXI_6/XLXI_5 (XLXI_2/XLXN_88)
     XOR2:I0->O            7   0.704   0.883  XLXI_2/XLXI_9/XLXI_7 (XLXN_27)
     LUT4:I0->O            1   0.704   0.420  XLXI_5/Mrom_input_rom0000111 (CF_OBUF)
     OBUF:I->O                 3.272          CF_OBUF (CF)
    ----------------------------------------
    Total                     15.624ns (10.826ns logic, 4.798ns route)
                                       (69.3% logic, 30.7% route)

=========================================================================


Total REAL time to Xst completion: 4.00 secs
Total CPU time to Xst completion: 4.59 secs
 
--> 

Total memory usage is 271696 kilobytes

Number of errors   :    0 (   0 filtered)
Number of warnings :   10 (   0 filtered)
Number of infos    :    0 (   0 filtered)

