--------------------------------------------------------------------------------
Release 14.7 Trace  (nt64)
Copyright (c) 1995-2013 Xilinx, Inc.  All rights reserved.

C:\Xilinx\14.7\ISE_DS\ISE\bin\nt64\unwrapped\trce.exe -filter
H:/BI-SAP/Red/iseconfig/filter.filter -intstyle ise -v 3 -s 4 -n 3 -fastpaths
-xml Clck.twx Clck.ncd -o Clck.twr Clck.pcf -ucf Clck.ucf

Design file:              Clck.ncd
Physical constraint file: Clck.pcf
Device,package,speed:     xc3s100e,cp132,-4 (PRODUCTION 1.27 2013-10-13)
Report level:             verbose report

Environment Variable      Effect 
--------------------      ------ 
NONE                      No environment variables were set
--------------------------------------------------------------------------------

INFO:Timing:2698 - No timing constraints found, doing default enumeration.
INFO:Timing:3412 - To improve timing, see the Timing Closure User Guide (UG612).
INFO:Timing:2752 - To get complete path coverage, use the unconstrained paths 
   option. All paths that are not constrained will be reported in the 
   unconstrained paths section(s) of the report.
INFO:Timing:3339 - The clock-to-out numbers in this timing report are based on 
   a 50 Ohm transmission line loading model.  For the details of this model, 
   and for more information on accounting for different loading conditions, 
   please see the device datasheet.
INFO:Timing:3390 - This architecture does not support a default System Jitter 
   value, please add SYSTEM_JITTER constraint to the UCF to modify the Clock 
   Uncertainty calculation.
INFO:Timing:3389 - This architecture does not support 'Discrete Jitter' and 
   'Phase Error' calculations, these terms will be zero in the Clock 
   Uncertainty calculation.  Please make appropriate modification to 
   SYSTEM_JITTER to account for the unsupported Discrete Jitter and Phase 
   Error.



Data Sheet report:
-----------------
All values displayed in nanoseconds (ns)

Clock CLK to Pad
------------+------------+------------------+--------+
            | clk (edge) |                  | Clock  |
Destination |   to PAD   |Internal Clock(s) | Phase  |
------------+------------+------------------+--------+
AN0         |    8.975(R)|CLK_BUFGP         |   0.000|
AN1         |    8.698(R)|CLK_BUFGP         |   0.000|
CA          |   12.638(R)|CLK_BUFGP         |   0.000|
CB          |   12.639(R)|CLK_BUFGP         |   0.000|
CC          |   12.601(R)|CLK_BUFGP         |   0.000|
CD          |   12.840(R)|CLK_BUFGP         |   0.000|
CE          |   13.056(R)|CLK_BUFGP         |   0.000|
CF          |   12.869(R)|CLK_BUFGP         |   0.000|
CG          |   12.850(R)|CLK_BUFGP         |   0.000|
------------+------------+------------------+--------+

Clock to Setup on destination clock CLK
---------------+---------+---------+---------+---------+
               | Src:Rise| Src:Fall| Src:Rise| Src:Fall|
Source Clock   |Dest:Rise|Dest:Rise|Dest:Fall|Dest:Fall|
---------------+---------+---------+---------+---------+
CLK            |    4.249|         |         |         |
---------------+---------+---------+---------+---------+

Pad to Pad
---------------+---------------+---------+
Source Pad     |Destination Pad|  Delay  |
---------------+---------------+---------+
A0             |CA             |   14.251|
A0             |CB             |   15.084|
A0             |CC             |   15.046|
A0             |CD             |   14.418|
A0             |CE             |   14.593|
A0             |CF             |   14.447|
A0             |CG             |   14.463|
A1             |CA             |   11.874|
A1             |CB             |   12.707|
A1             |CC             |   12.669|
A1             |CD             |   12.041|
A1             |CE             |   12.216|
A1             |CF             |   12.070|
A1             |CG             |   12.086|
A2             |CA             |   11.025|
A2             |CB             |   11.858|
A2             |CC             |   11.820|
A2             |CD             |   11.192|
A2             |CE             |   11.367|
A2             |CF             |   11.221|
A2             |CG             |   11.237|
A3             |CA             |    9.948|
A3             |CB             |   10.628|
A3             |CC             |   10.590|
A3             |CD             |   10.110|
A3             |CE             |   10.435|
A3             |CF             |   10.139|
A3             |CG             |   10.160|
B0             |CA             |   13.731|
B0             |CB             |   14.564|
B0             |CC             |   14.526|
B0             |CD             |   13.898|
B0             |CE             |   14.073|
B0             |CF             |   13.927|
B0             |CG             |   13.943|
B1             |CA             |   12.753|
B1             |CB             |   13.586|
B1             |CC             |   13.548|
B1             |CD             |   12.920|
B1             |CE             |   13.095|
B1             |CF             |   12.949|
B1             |CG             |   12.965|
B2             |CA             |   12.233|
B2             |CB             |   13.066|
B2             |CC             |   13.028|
B2             |CD             |   12.400|
B2             |CE             |   12.575|
B2             |CF             |   12.429|
B2             |CG             |   12.445|
B3             |CA             |    9.809|
B3             |CB             |   10.642|
B3             |CC             |   10.604|
B3             |CD             |    9.976|
B3             |CE             |   10.152|
B3             |CF             |   10.005|
B3             |CG             |   10.021|
CIN            |CA             |   13.626|
CIN            |CB             |   14.459|
CIN            |CC             |   14.421|
CIN            |CD             |   13.793|
CIN            |CE             |   13.968|
CIN            |CF             |   13.822|
CIN            |CG             |   13.838|
---------------+---------------+---------+


Analysis completed Fri Mar 06 11:29:28 2015 
--------------------------------------------------------------------------------

Trace Settings:
-------------------------
Trace Settings 

Peak Memory Usage: 154 MB



