Running: C:\Xilinx\14.7\ISE_DS\ISE\bin\nt64\unwrapped\fuse.exe -intstyle ise -incremental -o C:/Users/GLEB/Desktop/XilinxProjects/Red/decoder_7seg_test_isim_beh.exe -prj C:/Users/GLEB/Desktop/XilinxProjects/Red/decoder_7seg_test_beh.prj work.decoder_7seg_test 
ISim P.20131013 (signature 0x7708f090)
Number of CPUs detected in this system: 12
Turning on mult-threading, number of parallel sub-compilation jobs: 24 
Determining compilation order of HDL files
Parsing VHDL file "C:/Users/GLEB/Desktop/XilinxProjects/Red/decoder_7seg.vhd" into library work
Parsing VHDL file "C:/Users/GLEB/Desktop/XilinxProjects/Red/decoder_7seg_test.vhd" into library work
Starting static elaboration
Completed static elaboration
Compiling package standard
Compiling package std_logic_1164
Compiling package std_logic_arith
Compiling package std_logic_unsigned
Compiling architecture decoder_7seg_arch of entity decoder_7seg [decoder_7seg_default]
Compiling architecture behavior of entity decoder_7seg_test
Time Resolution for simulation is 1ps.
Compiled 7 VHDL Units
Built simulation executable C:/Users/GLEB/Desktop/XilinxProjects/Red/decoder_7seg_test_isim_beh.exe
Fuse Memory Usage: 32752 KB
Fuse CPU Usage: 437 ms
