--------------------------------------------------------------------------------
Release 14.7 Trace  (nt64)
Copyright (c) 1995-2013 Xilinx, Inc.  All rights reserved.

C:\Xilinx\14.7\ISE_DS\ISE\bin\nt64\unwrapped\trce.exe -filter
H:/BI-SAP/Red/iseconfig/filter.filter -intstyle ise -v 3 -s 4 -n 3 -fastpaths
-xml Multi.twx Multi.ncd -o Multi.twr Multi.pcf -ucf adderwithdisplay.ucf

Design file:              Multi.ncd
Physical constraint file: Multi.pcf
Device,package,speed:     xc3s100e,cp132,-4 (PRODUCTION 1.27 2013-10-13)
Report level:             verbose report

Environment Variable      Effect 
--------------------      ------ 
NONE                      No environment variables were set
--------------------------------------------------------------------------------

INFO:Timing:2698 - No timing constraints found, doing default enumeration.
INFO:Timing:3412 - To improve timing, see the Timing Closure User Guide (UG612).
INFO:Timing:2752 - To get complete path coverage, use the unconstrained paths 
   option. All paths that are not constrained will be reported in the 
   unconstrained paths section(s) of the report.
INFO:Timing:3339 - The clock-to-out numbers in this timing report are based on 
   a 50 Ohm transmission line loading model.  For the details of this model, 
   and for more information on accounting for different loading conditions, 
   please see the device datasheet.
INFO:Timing:3390 - This architecture does not support a default System Jitter 
   value, please add SYSTEM_JITTER constraint to the UCF to modify the Clock 
   Uncertainty calculation.
INFO:Timing:3389 - This architecture does not support 'Discrete Jitter' and 
   'Phase Error' calculations, these terms will be zero in the Clock 
   Uncertainty calculation.  Please make appropriate modification to 
   SYSTEM_JITTER to account for the unsupported Discrete Jitter and Phase 
   Error.



Data Sheet report:
-----------------
All values displayed in nanoseconds (ns)

Pad to Pad
---------------+---------------+---------+
Source Pad     |Destination Pad|  Delay  |
---------------+---------------+---------+
A0             |CA             |   10.427|
A0             |CB             |    9.382|
A0             |CC             |   10.910|
A0             |CD             |   10.626|
A0             |CE             |    9.495|
A0             |CF             |   10.449|
A0             |CG             |   10.714|
A1             |CA             |   10.391|
A1             |CB             |    9.172|
A1             |CC             |   10.869|
A1             |CD             |   10.590|
A1             |CE             |    9.436|
A1             |CF             |   10.413|
A1             |CG             |   10.678|
B0             |CA             |    9.717|
B0             |CB             |   10.695|
B0             |CC             |   10.260|
B0             |CD             |    9.916|
B0             |CE             |   10.808|
B0             |CF             |    9.739|
B0             |CG             |   10.004|
B1             |CA             |    9.797|
B1             |CB             |    8.618|
B1             |CC             |   10.315|
B1             |CD             |    9.996|
B1             |CE             |    8.842|
B1             |CF             |    9.819|
B1             |CG             |   10.084|
---------------+---------------+---------+


Analysis completed Fri Mar 06 10:26:18 2015 
--------------------------------------------------------------------------------

Trace Settings:
-------------------------
Trace Settings 

Peak Memory Usage: 153 MB



