#-----------------------------------------------------------
# PlanAhead v14.7 (64-bit)
# Build 321239 by xbuild on Fri Sep 27 19:29:51 MDT 2013
# Start of session at: Mon Mar 14 16:19:47 2016
# Process ID: 684
# Log file: H:/SAP/lab3/planAhead_run_3/planAhead.log
# Journal file: H:/SAP/lab3/planAhead_run_3\planAhead.jou
#-----------------------------------------------------------
INFO: [Common 17-78] Attempting to get a license: PlanAhead
INFO: [Common 17-290] Got license for PlanAhead
INFO: [Device 21-36] Loading parts and site information from C:/Xilinx/14.7/ISE_DS/PlanAhead/data/parts/arch.xml
Parsing RTL primitives file [C:/Xilinx/14.7/ISE_DS/PlanAhead/data/parts/xilinx/rtl/prims/rtl_prims.xml]
Finished parsing RTL primitives file [C:/Xilinx/14.7/ISE_DS/PlanAhead/data/parts/xilinx/rtl/prims/rtl_prims.xml]
start_gui
open_project {H:\SAP\lab3\planAhead_run_3\lab3.ppr}
Scanning sources...
Finished scanning sources
open_project: Time (s): elapsed = 00:00:05 . Memory (MB): peak = 428.449 ; gain = 57.766
exit
INFO: [Common 17-206] Exiting PlanAhead at Mon Mar 14 16:24:41 2016...
INFO: [Common 17-83] Releasing license: PlanAhead
