Distance	k	Performance
EuclideanDistance	1.0	0.8640776699029126
EuclideanDistance	2.0	0.8058252427184466
EuclideanDistance	3.0	0.8113207547169812
EuclideanDistance	4.0	0.83
EuclideanDistance	5.0	0.8
EuclideanDistance	6.0	0.7608695652173914
EuclideanDistance	7.0	0.7096774193548387
EuclideanDistance	8.0	0.7549019607843137
EuclideanDistance	9.0	0.71875
EuclideanDistance	10.0	0.780952380952381
EuclideanDistance	11.0	0.6923076923076923
EuclideanDistance	12.0	0.76
EuclideanDistance	13.0	0.69
EuclideanDistance	14.0	0.6770833333333334
EuclideanDistance	15.0	0.7264150943396226
EuclideanDistance	16.0	0.79
EuclideanDistance	17.0	0.7358490566037735
EuclideanDistance	18.0	0.7872340425531915
EuclideanDistance	19.0	0.6568627450980392
EuclideanDistance	20.0	0.7058823529411765
EuclideanDistance	21.0	0.6862745098039216
EuclideanDistance	22.0	0.7572815533980582
EuclideanDistance	23.0	0.67
EuclideanDistance	24.0	0.6336633663366337
EuclideanDistance	25.0	0.6363636363636364
EuclideanDistance	26.0	0.7373737373737373
EuclideanDistance	27.0	0.6019417475728155
EuclideanDistance	28.0	0.7352941176470589
EuclideanDistance	29.0	0.5238095238095238
EuclideanDistance	30.0	0.5833333333333334
EuclideanDistance	31.0	0.6285714285714286
EuclideanDistance	32.0	0.7289719626168224
EuclideanDistance	33.0	0.7452830188679245
EuclideanDistance	34.0	0.7272727272727273
EuclideanDistance	35.0	0.76
EuclideanDistance	36.0	0.6
EuclideanDistance	37.0	0.6981132075471698
EuclideanDistance	38.0	0.7870370370370371
EuclideanDistance	39.0	0.7425742574257426
EuclideanDistance	40.0	0.7663551401869159
EuclideanDistance	41.0	0.6274509803921569
EuclideanDistance	42.0	0.5480769230769231
EuclideanDistance	43.0	0.6699029126213593
EuclideanDistance	44.0	0.5961538461538461
EuclideanDistance	45.0	0.5384615384615384
EuclideanDistance	46.0	0.6831683168316832
EuclideanDistance	47.0	0.6770833333333334
EuclideanDistance	48.0	0.7010309278350515
EuclideanDistance	49.0	0.6601941747572816
EuclideanDistance	50.0	0.7684210526315789
ManhattanDistance	1.0	0.7777777777777778
ManhattanDistance	2.0	0.8217821782178217
ManhattanDistance	3.0	0.7692307692307693
ManhattanDistance	4.0	0.7669902912621359
ManhattanDistance	5.0	0.7920792079207921
ManhattanDistance	6.0	0.7870370370370371
ManhattanDistance	7.0	0.7446808510638298
ManhattanDistance	8.0	0.8181818181818182
ManhattanDistance	9.0	0.8210526315789474
ManhattanDistance	10.0	0.7216494845360825
ManhattanDistance	11.0	0.6632653061224489
ManhattanDistance	12.0	0.6542056074766355
ManhattanDistance	13.0	0.6990291262135923
ManhattanDistance	14.0	0.8076923076923077
ManhattanDistance	15.0	0.7373737373737373
ManhattanDistance	16.0	0.7619047619047619
ManhattanDistance	17.0	0.7422680412371134
ManhattanDistance	18.0	0.6571428571428571
ManhattanDistance	19.0	0.6923076923076923
ManhattanDistance	20.0	0.7596153846153846
ManhattanDistance	21.0	0.6796116504854369
ManhattanDistance	22.0	0.7755102040816326
ManhattanDistance	23.0	0.6764705882352942
ManhattanDistance	24.0	0.6728971962616822
ManhattanDistance	25.0	0.6893203883495146
ManhattanDistance	26.0	0.7553191489361702
ManhattanDistance	27.0	0.7087378640776699
ManhattanDistance	28.0	0.6504854368932039
ManhattanDistance	29.0	0.6326530612244898
ManhattanDistance	30.0	0.7373737373737373
ManhattanDistance	31.0	0.6448598130841121
ManhattanDistance	32.0	0.75
ManhattanDistance	33.0	0.7647058823529411
ManhattanDistance	34.0	0.780952380952381
ManhattanDistance	35.0	0.7524752475247525
ManhattanDistance	36.0	0.8125
ManhattanDistance	37.0	0.7052631578947368
ManhattanDistance	38.0	0.7282608695652174
ManhattanDistance	39.0	0.7474747474747475
ManhattanDistance	40.0	0.7075471698113207
ManhattanDistance	41.0	0.6732673267326733
ManhattanDistance	42.0	0.6990291262135923
ManhattanDistance	43.0	0.7395833333333334
ManhattanDistance	44.0	0.6630434782608695
ManhattanDistance	45.0	0.7009345794392523
ManhattanDistance	46.0	0.7029702970297029
ManhattanDistance	47.0	0.5979381443298969
ManhattanDistance	48.0	0.6699029126213593
ManhattanDistance	49.0	0.6907216494845361
ManhattanDistance	50.0	0.6078431372549019
ChebychevDistance	1.0	0.673469387755102
ChebychevDistance	2.0	0.67
ChebychevDistance	3.0	0.7264150943396226
ChebychevDistance	4.0	0.6767676767676768
ChebychevDistance	5.0	0.7524752475247525
ChebychevDistance	6.0	0.6534653465346535
ChebychevDistance	7.0	0.6538461538461539
ChebychevDistance	8.0	0.7333333333333333
ChebychevDistance	9.0	0.6601941747572816
ChebychevDistance	10.0	0.63
ChebychevDistance	11.0	0.6415094339622641
ChebychevDistance	12.0	0.6074766355140186
ChebychevDistance	13.0	0.6907216494845361
ChebychevDistance	14.0	0.6262626262626263
ChebychevDistance	15.0	0.5922330097087378
ChebychevDistance	16.0	0.6568627450980392
ChebychevDistance	17.0	0.6057692307692307
ChebychevDistance	18.0	0.7115384615384616
ChebychevDistance	19.0	0.6534653465346535
ChebychevDistance	20.0	0.6697247706422018
ChebychevDistance	21.0	0.6464646464646465
ChebychevDistance	22.0	0.6213592233009708
ChebychevDistance	23.0	0.6161616161616161
ChebychevDistance	24.0	0.6730769230769231
ChebychevDistance	25.0	0.5670103092783505
ChebychevDistance	26.0	0.6037735849056604
ChebychevDistance	27.0	0.66
ChebychevDistance	28.0	0.5980392156862745
ChebychevDistance	29.0	0.6138613861386139
ChebychevDistance	30.0	0.580952380952381
ChebychevDistance	31.0	0.6055045871559633
ChebychevDistance	32.0	0.5700934579439252
ChebychevDistance	33.0	0.5959595959595959
ChebychevDistance	34.0	0.5048543689320388
ChebychevDistance	35.0	0.5887850467289719
ChebychevDistance	36.0	0.5154639175257731
ChebychevDistance	37.0	0.5636363636363636
ChebychevDistance	38.0	0.5714285714285714
ChebychevDistance	39.0	0.44339622641509435
ChebychevDistance	40.0	0.5871559633027523
ChebychevDistance	41.0	0.594059405940594
ChebychevDistance	42.0	0.6428571428571429
ChebychevDistance	43.0	0.64
ChebychevDistance	44.0	0.5392156862745098
ChebychevDistance	45.0	0.5865384615384616
ChebychevDistance	46.0	0.6530612244897959
ChebychevDistance	47.0	0.6571428571428571
ChebychevDistance	48.0	0.6060606060606061
ChebychevDistance	49.0	0.5865384615384616
ChebychevDistance	50.0	0.5909090909090909
CorrelationSimilarity	1.0	0.7941176470588235
CorrelationSimilarity	2.0	0.8571428571428571
CorrelationSimilarity	3.0	0.7766990291262136
CorrelationSimilarity	4.0	0.8058252427184466
CorrelationSimilarity	5.0	0.7941176470588235
CorrelationSimilarity	6.0	0.7128712871287128
CorrelationSimilarity	7.0	0.6831683168316832
CorrelationSimilarity	8.0	0.7333333333333333
CorrelationSimilarity	9.0	0.7211538461538461
CorrelationSimilarity	10.0	0.6346153846153846
CorrelationSimilarity	11.0	0.6923076923076923
CorrelationSimilarity	12.0	0.5533980582524272
CorrelationSimilarity	13.0	0.6542056074766355
CorrelationSimilarity	14.0	0.7029702970297029
CorrelationSimilarity	15.0	0.6952380952380952
CorrelationSimilarity	16.0	0.7029702970297029
CorrelationSimilarity	17.0	0.6448598130841121
CorrelationSimilarity	18.0	0.6938775510204082
CorrelationSimilarity	19.0	0.7523809523809524
CorrelationSimilarity	20.0	0.6138613861386139
CorrelationSimilarity	21.0	0.6981132075471698
CorrelationSimilarity	22.0	0.673469387755102
CorrelationSimilarity	23.0	0.6346153846153846
CorrelationSimilarity	24.0	0.64
CorrelationSimilarity	25.0	0.6947368421052632
CorrelationSimilarity	26.0	0.6938775510204082
CorrelationSimilarity	27.0	0.6116504854368932
CorrelationSimilarity	28.0	0.638095238095238
CorrelationSimilarity	29.0	0.6565656565656566
CorrelationSimilarity	30.0	0.6224489795918368
CorrelationSimilarity	31.0	0.7087378640776699
CorrelationSimilarity	32.0	0.6862745098039216
CorrelationSimilarity	33.0	0.7128712871287128
CorrelationSimilarity	34.0	0.6630434782608695
CorrelationSimilarity	35.0	0.6407766990291263
CorrelationSimilarity	36.0	0.6915887850467289
CorrelationSimilarity	37.0	0.7128712871287128
CorrelationSimilarity	38.0	0.6727272727272727
CorrelationSimilarity	39.0	0.6736842105263158
CorrelationSimilarity	40.0	0.6826923076923077
CorrelationSimilarity	41.0	0.6542056074766355
CorrelationSimilarity	42.0	0.6310679611650486
CorrelationSimilarity	43.0	0.6699029126213593
CorrelationSimilarity	44.0	0.6391752577319587
CorrelationSimilarity	45.0	0.6814159292035398
CorrelationSimilarity	46.0	0.6
CorrelationSimilarity	47.0	0.6039603960396039
CorrelationSimilarity	48.0	0.6122448979591837
CorrelationSimilarity	49.0	0.6632653061224489
CorrelationSimilarity	50.0	0.6494845360824743
CosineSimilarity	1.0	0.8301886792452831
CosineSimilarity	2.0	0.7641509433962265
CosineSimilarity	3.0	0.8585858585858586
CosineSimilarity	4.0	0.7428571428571429
CosineSimilarity	5.0	0.8155339805825242
CosineSimilarity	6.0	0.8210526315789474
CosineSimilarity	7.0	0.7904761904761904
CosineSimilarity	8.0	0.8105263157894737
CosineSimilarity	9.0	0.76
CosineSimilarity	10.0	0.7244897959183674
CosineSimilarity	11.0	0.8173076923076923
CosineSimilarity	12.0	0.7938144329896907
CosineSimilarity	13.0	0.8037383177570093
CosineSimilarity	14.0	0.7722772277227723
CosineSimilarity	15.0	0.7735849056603774
CosineSimilarity	16.0	0.63
CosineSimilarity	17.0	0.7659574468085106
CosineSimilarity	18.0	0.6699029126213593
CosineSimilarity	19.0	0.7008547008547008
CosineSimilarity	20.0	0.6666666666666666
CosineSimilarity	21.0	0.6074766355140186
CosineSimilarity	22.0	0.7238095238095238
CosineSimilarity	23.0	0.6842105263157895
CosineSimilarity	24.0	0.7425742574257426
CosineSimilarity	25.0	0.7075471698113207
CosineSimilarity	26.0	0.6732673267326733
CosineSimilarity	27.0	0.7142857142857143
CosineSimilarity	28.0	0.7448979591836735
CosineSimilarity	29.0	0.7129629629629629
CosineSimilarity	30.0	0.7184466019417476
CosineSimilarity	31.0	0.7090909090909091
CosineSimilarity	32.0	0.7378640776699029
CosineSimilarity	33.0	0.6634615384615384
CosineSimilarity	34.0	0.6842105263157895
CosineSimilarity	35.0	0.6391752577319587
CosineSimilarity	36.0	0.5773195876288659
CosineSimilarity	37.0	0.66
CosineSimilarity	38.0	0.7641509433962265
CosineSimilarity	39.0	0.6938775510204082
CosineSimilarity	40.0	0.7373737373737373
CosineSimilarity	41.0	0.6761904761904762
CosineSimilarity	42.0	0.6831683168316832
CosineSimilarity	43.0	0.6792452830188679
CosineSimilarity	44.0	0.6981132075471698
CosineSimilarity	45.0	0.7029702970297029
CosineSimilarity	46.0	0.67
CosineSimilarity	47.0	0.6571428571428571
CosineSimilarity	48.0	0.7169811320754716
CosineSimilarity	49.0	0.7087378640776699
CosineSimilarity	50.0	0.6764705882352942
