Distance	k	Performance
EuclideanDistance	1.0	0.8489795918367347
EuclideanDistance	2.0	0.8518518518518519
EuclideanDistance	3.0	0.8360655737704918
EuclideanDistance	4.0	0.83399209486166
EuclideanDistance	5.0	0.8518518518518519
EuclideanDistance	6.0	0.8702928870292888
EuclideanDistance	7.0	0.9038461538461539
EuclideanDistance	8.0	0.889763779527559
EuclideanDistance	9.0	0.8601694915254238
EuclideanDistance	10.0	0.8801652892561983
EuclideanDistance	11.0	0.864
EuclideanDistance	12.0	0.8938775510204081
EuclideanDistance	13.0	0.8866396761133604
EuclideanDistance	14.0	0.8656126482213439
EuclideanDistance	15.0	0.8554216867469879
EuclideanDistance	16.0	0.8661087866108786
EuclideanDistance	17.0	0.8857142857142857
EuclideanDistance	18.0	0.8755186721991701
EuclideanDistance	19.0	0.8225806451612904
EuclideanDistance	20.0	0.8429752066115702
EuclideanDistance	21.0	0.8979591836734694
EuclideanDistance	22.0	0.9079497907949791
EuclideanDistance	23.0	0.907258064516129
EuclideanDistance	24.0	0.8775510204081632
EuclideanDistance	25.0	0.8554216867469879
EuclideanDistance	26.0	0.9098360655737705
EuclideanDistance	27.0	0.907563025210084
EuclideanDistance	28.0	0.8870292887029289
EuclideanDistance	29.0	0.899581589958159
EuclideanDistance	30.0	0.8911290322580645
EuclideanDistance	31.0	0.9206349206349206
EuclideanDistance	32.0	0.8653061224489796
EuclideanDistance	33.0	0.8436213991769548
EuclideanDistance	34.0	0.8481012658227848
EuclideanDistance	35.0	0.9128630705394191
EuclideanDistance	36.0	0.9083969465648855
EuclideanDistance	37.0	0.9017094017094017
EuclideanDistance	38.0	0.8775510204081632
EuclideanDistance	39.0	0.9135802469135802
EuclideanDistance	40.0	0.8949579831932774
EuclideanDistance	41.0	0.9024390243902439
EuclideanDistance	42.0	0.921161825726141
EuclideanDistance	43.0	0.8588709677419355
EuclideanDistance	44.0	0.896
EuclideanDistance	45.0	0.85
EuclideanDistance	46.0	0.8571428571428571
EuclideanDistance	47.0	0.87109375
EuclideanDistance	48.0	0.9057377049180327
EuclideanDistance	49.0	0.902542372881356
EuclideanDistance	50.0	0.9083333333333333
ManhattanDistance	1.0	0.8087649402390438
ManhattanDistance	2.0	0.8483606557377049
ManhattanDistance	3.0	0.8346774193548387
ManhattanDistance	4.0	0.8548387096774194
ManhattanDistance	5.0	0.8728070175438597
ManhattanDistance	6.0	0.8825910931174089
ManhattanDistance	7.0	0.8571428571428571
ManhattanDistance	8.0	0.8934426229508197
ManhattanDistance	9.0	0.8828451882845189
ManhattanDistance	10.0	0.899581589958159
ManhattanDistance	11.0	0.8875502008032129
ManhattanDistance	12.0	0.8924302788844621
ManhattanDistance	13.0	0.8925619834710744
ManhattanDistance	14.0	0.884
ManhattanDistance	15.0	0.8875502008032129
ManhattanDistance	16.0	0.921161825726141
ManhattanDistance	17.0	0.8902439024390244
ManhattanDistance	18.0	0.8764940239043825
ManhattanDistance	19.0	0.8764940239043825
ManhattanDistance	20.0	0.8688524590163934
ManhattanDistance	21.0	0.9294605809128631
ManhattanDistance	22.0	0.8871595330739299
ManhattanDistance	23.0	0.8677685950413223
ManhattanDistance	24.0	0.8888888888888888
ManhattanDistance	25.0	0.8870967741935484
ManhattanDistance	26.0	0.8835341365461847
ManhattanDistance	27.0	0.8744769874476988
ManhattanDistance	28.0	0.9230769230769231
ManhattanDistance	29.0	0.890295358649789
ManhattanDistance	30.0	0.8902439024390244
ManhattanDistance	31.0	0.8918918918918919
ManhattanDistance	32.0	0.8888888888888888
ManhattanDistance	33.0	0.8814229249011858
ManhattanDistance	34.0	0.9227642276422764
ManhattanDistance	35.0	0.8996138996138996
ManhattanDistance	36.0	0.8875
ManhattanDistance	37.0	0.82421875
ManhattanDistance	38.0	0.9186991869918699
ManhattanDistance	39.0	0.8693877551020408
ManhattanDistance	40.0	0.8932806324110671
ManhattanDistance	41.0	0.868
ManhattanDistance	42.0	0.8923076923076924
ManhattanDistance	43.0	0.8612244897959184
ManhattanDistance	44.0	0.902127659574468
ManhattanDistance	45.0	0.8825910931174089
ManhattanDistance	46.0	0.9604743083003953
ManhattanDistance	47.0	0.9354838709677419
ManhattanDistance	48.0	0.9153225806451613
ManhattanDistance	49.0	0.8443579766536965
ManhattanDistance	50.0	0.9214876033057852
ChebychevDistance	1.0	0.8614718614718615
ChebychevDistance	2.0	0.8181818181818182
ChebychevDistance	3.0	0.8857142857142857
ChebychevDistance	4.0	0.8298755186721992
ChebychevDistance	5.0	0.849802371541502
ChebychevDistance	6.0	0.8326180257510729
ChebychevDistance	7.0	0.8299595141700404
ChebychevDistance	8.0	0.8535564853556485
ChebychevDistance	9.0	0.7992277992277992
ChebychevDistance	10.0	0.8299595141700404
ChebychevDistance	11.0	0.8764940239043825
ChebychevDistance	12.0	0.8688524590163934
ChebychevDistance	13.0	0.8137651821862348
ChebychevDistance	14.0	0.8853754940711462
ChebychevDistance	15.0	0.8764940239043825
ChebychevDistance	16.0	0.8650793650793651
ChebychevDistance	17.0	0.8452380952380952
ChebychevDistance	18.0	0.9020408163265307
ChebychevDistance	19.0	0.90234375
ChebychevDistance	20.0	0.8366533864541833
ChebychevDistance	21.0	0.7951807228915663
ChebychevDistance	22.0	0.868
ChebychevDistance	23.0	0.8828125
ChebychevDistance	24.0	0.8577235772357723
ChebychevDistance	25.0	0.8346153846153846
ChebychevDistance	26.0	0.9090909090909091
ChebychevDistance	27.0	0.8745098039215686
ChebychevDistance	28.0	0.8828451882845189
ChebychevDistance	29.0	0.8709677419354839
ChebychevDistance	30.0	0.8921161825726142
ChebychevDistance	31.0	0.8893280632411067
ChebychevDistance	32.0	0.8346774193548387
ChebychevDistance	33.0	0.8620689655172413
ChebychevDistance	34.0	0.8600823045267489
ChebychevDistance	35.0	0.8760330578512396
ChebychevDistance	36.0	0.9061224489795918
ChebychevDistance	37.0	0.8166666666666667
ChebychevDistance	38.0	0.891566265060241
ChebychevDistance	39.0	0.8739837398373984
ChebychevDistance	40.0	0.8615384615384616
ChebychevDistance	41.0	0.8983739837398373
ChebychevDistance	42.0	0.8313253012048193
ChebychevDistance	43.0	0.8333333333333334
ChebychevDistance	44.0	0.8806584362139918
ChebychevDistance	45.0	0.8625
ChebychevDistance	46.0	0.8672199170124482
ChebychevDistance	47.0	0.9166666666666666
ChebychevDistance	48.0	0.8755020080321285
ChebychevDistance	49.0	0.84
ChebychevDistance	50.0	0.8634538152610441
CorrelationSimilarity	1.0	0.890625
CorrelationSimilarity	2.0	0.8636363636363636
CorrelationSimilarity	3.0	0.875
CorrelationSimilarity	4.0	0.8663967611336032
CorrelationSimilarity	5.0	0.8730769230769231
CorrelationSimilarity	6.0	0.8744939271255061
CorrelationSimilarity	7.0	0.89453125
CorrelationSimilarity	8.0	0.8729508196721312
CorrelationSimilarity	9.0	0.9032258064516129
CorrelationSimilarity	10.0	0.9049586776859504
CorrelationSimilarity	11.0	0.9109311740890689
CorrelationSimilarity	12.0	0.8595744680851064
CorrelationSimilarity	13.0	0.8888888888888888
CorrelationSimilarity	14.0	0.9142857142857143
CorrelationSimilarity	15.0	0.921161825726141
CorrelationSimilarity	16.0	0.8571428571428571
CorrelationSimilarity	17.0	0.9076305220883534
CorrelationSimilarity	18.0	0.9109311740890689
CorrelationSimilarity	19.0	0.907563025210084
CorrelationSimilarity	20.0	0.8930041152263375
CorrelationSimilarity	21.0	0.9
CorrelationSimilarity	22.0	0.9183673469387755
CorrelationSimilarity	23.0	0.9102040816326531
CorrelationSimilarity	24.0	0.8866396761133604
CorrelationSimilarity	25.0	0.9102564102564102
CorrelationSimilarity	26.0	0.9031007751937985
CorrelationSimilarity	27.0	0.9274193548387096
CorrelationSimilarity	28.0	0.9032258064516129
CorrelationSimilarity	29.0	0.92
CorrelationSimilarity	30.0	0.94
CorrelationSimilarity	31.0	0.8978723404255319
CorrelationSimilarity	32.0	0.8928571428571429
CorrelationSimilarity	33.0	0.9079497907949791
CorrelationSimilarity	34.0	0.9094488188976378
CorrelationSimilarity	35.0	0.9230769230769231
CorrelationSimilarity	36.0	0.908
CorrelationSimilarity	37.0	0.9201680672268907
CorrelationSimilarity	38.0	0.8937007874015748
CorrelationSimilarity	39.0	0.9110169491525424
CorrelationSimilarity	40.0	0.9123505976095617
CorrelationSimilarity	41.0	0.9254901960784314
CorrelationSimilarity	42.0	0.9049586776859504
CorrelationSimilarity	43.0	0.9121338912133892
CorrelationSimilarity	44.0	0.9349593495934959
CorrelationSimilarity	45.0	0.9061224489795918
CorrelationSimilarity	46.0	0.923728813559322
CorrelationSimilarity	47.0	0.9011406844106464
CorrelationSimilarity	48.0	0.8957528957528957
CorrelationSimilarity	49.0	0.9068825910931174
CorrelationSimilarity	50.0	0.9458333333333333
CosineSimilarity	1.0	0.8483606557377049
CosineSimilarity	2.0	0.8695652173913043
CosineSimilarity	3.0	0.859375
CosineSimilarity	4.0	0.848605577689243
CosineSimilarity	5.0	0.8455284552845529
CosineSimilarity	6.0	0.8600823045267489
CosineSimilarity	7.0	0.859375
CosineSimilarity	8.0	0.8577235772357723
CosineSimilarity	9.0	0.9053497942386831
CosineSimilarity	10.0	0.8634538152610441
CosineSimilarity	11.0	0.852
CosineSimilarity	12.0	0.8531746031746031
CosineSimilarity	13.0	0.8853754940711462
CosineSimilarity	14.0	0.8725868725868726
CosineSimilarity	15.0	0.8775510204081632
CosineSimilarity	16.0	0.9159663865546218
CosineSimilarity	17.0	0.8866396761133604
CosineSimilarity	18.0	0.8814229249011858
CosineSimilarity	19.0	0.871900826446281
CosineSimilarity	20.0	0.9076305220883534
CosineSimilarity	21.0	0.9051383399209486
CosineSimilarity	22.0	0.8645418326693227
CosineSimilarity	23.0	0.8938775510204081
CosineSimilarity	24.0	0.9139344262295082
CosineSimilarity	25.0	0.8870967741935484
CosineSimilarity	26.0	0.8976377952755905
CosineSimilarity	27.0	0.907258064516129
CosineSimilarity	28.0	0.890625
CosineSimilarity	29.0	0.8932806324110671
CosineSimilarity	30.0	0.896551724137931
CosineSimilarity	31.0	0.8844621513944223
CosineSimilarity	32.0	0.9102040816326531
CosineSimilarity	33.0	0.8645418326693227
CosineSimilarity	34.0	0.9090909090909091
CosineSimilarity	35.0	0.8674698795180723
CosineSimilarity	36.0	0.9423868312757202
CosineSimilarity	37.0	0.8979591836734694
CosineSimilarity	38.0	0.8907563025210085
CosineSimilarity	39.0	0.92
CosineSimilarity	40.0	0.9435483870967742
CosineSimilarity	41.0	0.9149797570850202
CosineSimilarity	42.0	0.9156626506024096
CosineSimilarity	43.0	0.9221311475409836
CosineSimilarity	44.0	0.8785425101214575
CosineSimilarity	45.0	0.8866396761133604
CosineSimilarity	46.0	0.912
CosineSimilarity	47.0	0.912
CosineSimilarity	48.0	0.9300411522633745
CosineSimilarity	49.0	0.9338842975206612
CosineSimilarity	50.0	0.8870292887029289
