--------------------------------------------------------------------------------
Release 14.7 Trace  (nt64)
Copyright (c) 1995-2013 Xilinx, Inc.  All rights reserved.

C:\Xilinx\14.7\ISE_DS\ISE\bin\nt64\unwrapped\trce.exe -filter
H:/SAP/lab1/iseconfig/filter.filter -intstyle ise -v 3 -s 4 -n 3 -fastpaths
-xml fourbits.twx fourbits.ncd -o fourbits.twr fourbits.pcf -ucf fourbits.ucf

Design file:              fourbits.ncd
Physical constraint file: fourbits.pcf
Device,package,speed:     xc3s100e,cp132,-4 (PRODUCTION 1.27 2013-10-13)
Report level:             verbose report

Environment Variable      Effect 
--------------------      ------ 
NONE                      No environment variables were set
--------------------------------------------------------------------------------

INFO:Timing:2698 - No timing constraints found, doing default enumeration.
INFO:Timing:3412 - To improve timing, see the Timing Closure User Guide (UG612).
INFO:Timing:2752 - To get complete path coverage, use the unconstrained paths 
   option. All paths that are not constrained will be reported in the 
   unconstrained paths section(s) of the report.
INFO:Timing:3339 - The clock-to-out numbers in this timing report are based on 
   a 50 Ohm transmission line loading model.  For the details of this model, 
   and for more information on accounting for different loading conditions, 
   please see the device datasheet.
INFO:Timing:3390 - This architecture does not support a default System Jitter 
   value, please add SYSTEM_JITTER constraint to the UCF to modify the Clock 
   Uncertainty calculation.
INFO:Timing:3389 - This architecture does not support 'Discrete Jitter' and 
   'Phase Error' calculations, these terms will be zero in the Clock 
   Uncertainty calculation.  Please make appropriate modification to 
   SYSTEM_JITTER to account for the unsupported Discrete Jitter and Phase 
   Error.



Data Sheet report:
-----------------
All values displayed in nanoseconds (ns)

Pad to Pad
---------------+---------------+---------+
Source Pad     |Destination Pad|  Delay  |
---------------+---------------+---------+
A0             |COUT           |   10.343|
A0             |S0             |    7.762|
A0             |S1             |    9.057|
A0             |S2             |   10.205|
A0             |S3             |   10.279|
A1             |COUT           |   10.109|
A1             |S1             |    7.929|
A1             |S2             |    9.971|
A1             |S3             |   10.045|
A2             |COUT           |    8.523|
A2             |S2             |    8.257|
A2             |S3             |    8.459|
A3             |COUT           |    7.616|
A3             |S3             |    7.583|
B0             |COUT           |   10.742|
B0             |S0             |    8.106|
B0             |S1             |    9.456|
B0             |S2             |   10.604|
B0             |S3             |   10.678|
B1             |COUT           |   10.430|
B1             |S1             |    6.883|
B1             |S2             |   10.292|
B1             |S3             |   10.366|
B2             |COUT           |    8.090|
B2             |S2             |    7.843|
B2             |S3             |    8.026|
B3             |COUT           |    7.421|
B3             |S3             |    7.415|
CIN            |COUT           |   10.265|
CIN            |S0             |    7.775|
CIN            |S1             |    8.979|
CIN            |S2             |   10.127|
CIN            |S3             |   10.201|
---------------+---------------+---------+


Analysis completed Fri Feb 26 20:55:33 2016 
--------------------------------------------------------------------------------

Trace Settings:
-------------------------
Trace Settings 

Peak Memory Usage: 146 MB



